<?xml version="1.0" encoding="UTF-8"?>
<!-- Generated by org.testng.reporters.JUnitReportReporter -->
<testsuite skipped="0" hostname="DESKTOP-M8ARC8E" name="SrinivasMavenProject.RESTAPITest" tests="2" failures="0" timestamp="2020-06-30T12:08:00 IST" time="0.000" errors="0">
  <testcase name="NativeAppAndriod" time="0.000" classname="SrinivasMavenProject.RESTAPITest"/>
  <system-out/>
  <testcase name="IOSAppTest" time="0.000" classname="SrinivasMavenProject.RESTAPITest"/>
  <system-out/>
</testsuite> <!-- SrinivasMavenProject.RESTAPITest -->
