<?xml version="1.0" encoding="UTF-8"?>
<!-- Generated by org.testng.reporters.JUnitReportReporter -->
<testsuite skipped="0" hostname="DESKTOP-M8ARC8E" name="SrinivasMavenProject.AppiumTest" tests="2" failures="0" timestamp="2020-06-30T12:08:00 IST" time="0.006" errors="0">
  <testcase name="PostJIRA" time="0.005" classname="SrinivasMavenProject.AppiumTest"/>
  <system-out/>
  <testcase name="deleteTwiter" time="0.001" classname="SrinivasMavenProject.AppiumTest"/>
  <system-out/>
</testsuite> <!-- SrinivasMavenProject.AppiumTest -->
